<?xml version="1.0" encoding="UTF-8" standalone="no"?>
<testsuite errors="0" failures="0" name="io.cucumber.core.plugin.JUnitFormatter" skipped="0" tests="1" time="63.921">
    <testcase classname="login" name="Successfull login with Valid Credentails" time="63.503">
        <system-out>
            <![CDATA[Given User Launch Chrome Browser............................................passed
When User opens URL "https://demo.actitime.com".............................passed
And User enters Email as "admin" and Password as "manager"..................passed
And Click on Login..........................................................passed
Then Page Title should be "actiTIME - Enter Time-Track".....................passed
When click on log out Link..................................................passed
Then Page Title should be "actiTIME - Login"................................passed
]]>
        </system-out>
    </testcase>
</testsuite>
