<?xml version="1.0" encoding="UTF-8" ?>
<testsuite tests="2" failures="0" name="testRunner.TestRunner" time="115.517" errors="1" skipped="0">
  <properties>
[...]
</properties>
  <testcase classname="Add new Customer" name="Adding of new Customer" time="27.05">
    <error message="element click intercepted: Element &lt;li tabindex=&quot;-1&quot; role=&quot;option&quot; unselectable=&quot;on&quot; class=&quot;k-item&quot; aria-selected=&quot;false&quot; data-offset-index=&quot;1&quot;&gt;...&lt;/li&gt; is not clickable at point (1028, 587). Other element would receive the click: &lt;li tabindex=&quot;-1&quot; role=&quot;option&quot; unselectable=&quot;on&quot; class=&quot;k-item&quot; aria-selected=&quot;false&quot; data-offset-index=&quot;4&quot;&gt;...&lt;/li&gt;
  (Session info: chrome=108.0.5359.125)
Build info: version: &apos;3.141.59&apos;, revision: &apos;e82be7d358&apos;, time: &apos;2018-11-14T08:17:03&apos;
System info: host: &apos;SIDHARTH&apos;, ip: &apos;192.168.195.1&apos;, os.name: &apos;Windows 8.1&apos;, os.arch: &apos;amd64&apos;, os.version: &apos;6.3&apos;, java.version: &apos;15.0.2&apos;
Driver info: org.openqa.selenium.chrome.ChromeDriver
Capabilities {acceptInsecureCerts: false, browserName: chrome, browserVersion: 108.0.5359.125, chrome: {chromedriverVersion: 107.0.5304.62 (1eec40d3a576..., userDataDir: C:\Users\USER1~1\AppData\Lo...}, goog:chromeOptions: {debuggerAddress: localhost:55043}, javascriptEnabled: true, networkConnectionEnabled: false, pageLoadStrategy: normal, platform: WINDOWS, platformName: WINDOWS, proxy: Proxy(), setWindowRect: true, strictFileInteractability: false, timeouts: {implicit: 0, pageLoad: 300000, script: 30000}, unhandledPromptBehavior: dismiss and notify, webauthn:extension:credBlob: true, webauthn:extension:largeBlob: true, webauthn:virtualAuthenticators: true}
Session ID: 986dd73ecd1e00d87fe9510ba2913df7" type="org.openqa.selenium.ElementClickInterceptedException">org.openqa.selenium.ElementClickInterceptedException: element click intercepted: Element &lt;li tabindex=&quot;-1&quot; role=&quot;option&quot; unselectable=&quot;on&quot; class=&quot;k-item&quot; aria-selected=&quot;false&quot; data-offset-index=&quot;1&quot;&gt;...&lt;/li&gt; is not clickable at point (1028, 587). Other element would receive the click: &lt;li tabindex=&quot;-1&quot; role=&quot;option&quot; unselectable=&quot;on&quot; class=&quot;k-item&quot; aria-selected=&quot;false&quot; data-offset-index=&quot;4&quot;&gt;...&lt;/li&gt;
  (Session info: chrome=108.0.5359.125)
Build info: version: &apos;3.141.59&apos;, revision: &apos;e82be7d358&apos;, time: &apos;2018-11-14T08:17:03&apos;
System info: host: &apos;SIDHARTH&apos;, ip: &apos;192.168.195.1&apos;, os.name: &apos;Windows 8.1&apos;, os.arch: &apos;amd64&apos;, os.version: &apos;6.3&apos;, java.version: &apos;15.0.2&apos;
Driver info: org.openqa.selenium.chrome.ChromeDriver
Capabilities {acceptInsecureCerts: false, browserName: chrome, browserVersion: 108.0.5359.125, chrome: {chromedriverVersion: 107.0.5304.62 (1eec40d3a576..., userDataDir: C:\Users\USER1~1\AppData\Lo...}, goog:chromeOptions: {debuggerAddress: localhost:55043}, javascriptEnabled: true, networkConnectionEnabled: false, pageLoadStrategy: normal, platform: WINDOWS, platformName: WINDOWS, proxy: Proxy(), setWindowRect: true, strictFileInteractability: false, timeouts: {implicit: 0, pageLoad: 300000, script: 30000}, unhandledPromptBehavior: dismiss and notify, webauthn:extension:credBlob: true, webauthn:extension:largeBlob: true, webauthn:virtualAuthenticators: true}
Session ID: 986dd73ecd1e00d87fe9510ba2913df7
	at java.base/jdk.internal.reflect.NativeConstructorAccessorImpl.newInstance0(Native Method)
	at java.base/jdk.internal.reflect.NativeConstructorAccessorImpl.newInstance(NativeConstructorAccessorImpl.java:64)
	at java.base/jdk.internal.reflect.DelegatingConstructorAccessorImpl.newInstance(DelegatingConstructorAccessorImpl.java:45)
	at java.base/java.lang.reflect.Constructor.newInstanceWithCaller(Constructor.java:500)
	at java.base/java.lang.reflect.Constructor.newInstance(Constructor.java:481)
	at org.openqa.selenium.remote.http.W3CHttpResponseCodec.createException(W3CHttpResponseCodec.java:187)
	at org.openqa.selenium.remote.http.W3CHttpResponseCodec.decode(W3CHttpResponseCodec.java:122)
	at org.openqa.selenium.remote.http.W3CHttpResponseCodec.decode(W3CHttpResponseCodec.java:49)
	at org.openqa.selenium.remote.HttpCommandExecutor.execute(HttpCommandExecutor.java:158)
	at org.openqa.selenium.remote.service.DriverCommandExecutor.execute(DriverCommandExecutor.java:83)
	at org.openqa.selenium.remote.RemoteWebDriver.execute(RemoteWebDriver.java:552)
	at org.openqa.selenium.remote.RemoteWebElement.execute(RemoteWebElement.java:285)
	at org.openqa.selenium.remote.RemoteWebElement.click(RemoteWebElement.java:84)
	at PageObjects.AddCustomerpage.SetCustmorselectRole(AddCustomerpage.java:141)
	at StepDefination.Steps.user_give_the_customer_info(Steps.java:183)
	at ✽.user give the customer info(file:///C:/Users/User%201/projects/Mylan0.2/./Features/Customers.feature:14)
</error>
    <system-out>
@smoke
Scenario: Adding of new Customer                                                         # Features/Customers.feature:9
 INFO [main] (Steps.java:67)- ********* Lunching Browser *********
  Given User Launch Chrome Browser                                                       # StepDefination.Steps.user_launch_chrome_browser()
  When User Opens the URL &quot;https://admin-demo.nopcommerce.com/login&quot;                     # StepDefination.Steps.user_opens_the_url(java.lang.String)
  And Enter the Email as &quot;admin@yourstore.com&quot; and Password as &quot;admin&quot;                   # StepDefination.Steps.enter_the_email_as_and_password_as(java.lang.String,java.lang.String)
  And Click on Login button                                                              # StepDefination.Steps.click_on_login_button()
 INFO [main] (Steps.java:148)- ******** verifying Dashboad *******
  Then User can view Dashboad                                                            # StepDefination.Steps.user_can_view_dashboad()
  When User click on Customers menu                                                      # StepDefination.Steps.user_click_on_customers_menu()
  And click on customer menu tab                                                         # StepDefination.Steps.click_on_customer_menu_tab()
  And click on Add new button                                                            # StepDefination.Steps.click_on_add_new_button()
  Then User can view Add new customer page                                               # StepDefination.Steps.user_can_view_add_new_customer_page()
 INFO [main] (Steps.java:177)- ******** Adding customer details *********
  When user give the customer info                                                       # StepDefination.Steps.user_give_the_customer_info()
      org.openqa.selenium.ElementClickInterceptedException: element click intercepted: Element &lt;li tabindex=&quot;-1&quot; role=&quot;option&quot; unselectable=&quot;on&quot; class=&quot;k-item&quot; aria-selected=&quot;false&quot; data-offset-index=&quot;1&quot;&gt;...&lt;/li&gt; is not clickable at point (1028, 587). Other element would receive the click: &lt;li tabindex=&quot;-1&quot; role=&quot;option&quot; unselectable=&quot;on&quot; class=&quot;k-item&quot; aria-selected=&quot;false&quot; data-offset-index=&quot;4&quot;&gt;...&lt;/li&gt;
  (Session info: chrome=108.0.5359.125)
Build info: version: &apos;3.141.59&apos;, revision: &apos;e82be7d358&apos;, time: &apos;2018-11-14T08:17:03&apos;
System info: host: &apos;SIDHARTH&apos;, ip: &apos;192.168.195.1&apos;, os.name: &apos;Windows 8.1&apos;, os.arch: &apos;amd64&apos;, os.version: &apos;6.3&apos;, java.version: &apos;15.0.2&apos;
Driver info: org.openqa.selenium.chrome.ChromeDriver
Capabilities {acceptInsecureCerts: false, browserName: chrome, browserVersion: 108.0.5359.125, chrome: {chromedriverVersion: 107.0.5304.62 (1eec40d3a576..., userDataDir: C:\Users\USER1~1\AppData\Lo...}, goog:chromeOptions: {debuggerAddress: localhost:55043}, javascriptEnabled: true, networkConnectionEnabled: false, pageLoadStrategy: normal, platform: WINDOWS, platformName: WINDOWS, proxy: Proxy(), setWindowRect: true, strictFileInteractability: false, timeouts: {implicit: 0, pageLoad: 300000, script: 30000}, unhandledPromptBehavior: dismiss and notify, webauthn:extension:credBlob: true, webauthn:extension:largeBlob: true, webauthn:virtualAuthenticators: true}
Session ID: 986dd73ecd1e00d87fe9510ba2913df7
	at java.base/jdk.internal.reflect.NativeConstructorAccessorImpl.newInstance0(Native Method)
	at java.base/jdk.internal.reflect.NativeConstructorAccessorImpl.newInstance(NativeConstructorAccessorImpl.java:64)
	at java.base/jdk.internal.reflect.DelegatingConstructorAccessorImpl.newInstance(DelegatingConstructorAccessorImpl.java:45)
	at java.base/java.lang.reflect.Constructor.newInstanceWithCaller(Constructor.java:500)
	at java.base/java.lang.reflect.Constructor.newInstance(Constructor.java:481)
	at org.openqa.selenium.remote.http.W3CHttpResponseCodec.createException(W3CHttpResponseCodec.java:187)
	at org.openqa.selenium.remote.http.W3CHttpResponseCodec.decode(W3CHttpResponseCodec.java:122)
	at org.openqa.selenium.remote.http.W3CHttpResponseCodec.decode(W3CHttpResponseCodec.java:49)
	at org.openqa.selenium.remote.HttpCommandExecutor.execute(HttpCommandExecutor.java:158)
	at org.openqa.selenium.remote.service.DriverCommandExecutor.execute(DriverCommandExecutor.java:83)
	at org.openqa.selenium.remote.RemoteWebDriver.execute(RemoteWebDriver.java:552)
	at org.openqa.selenium.remote.RemoteWebElement.execute(RemoteWebElement.java:285)
	at org.openqa.selenium.remote.RemoteWebElement.click(RemoteWebElement.java:84)
	at PageObjects.AddCustomerpage.SetCustmorselectRole(AddCustomerpage.java:141)
	at StepDefination.Steps.user_give_the_customer_info(Steps.java:183)
	at ✽.user give the customer info(file:///C:/Users/User%201/projects/Mylan0.2/./Features/Customers.feature:14)

  And click on Save button                                                               # StepDefination.Steps.click_on_save_button()
  Then User can view confirmation message &quot;The new customer has been added successfully&quot; # StepDefination.Steps.user_can_view_confirmation_message(java.lang.String)
  And close browser                                                                      # StepDefination.Steps.close_browser()
</system-out>
    <system-err>Starting ChromeDriver 107.0.5304.62 (1eec40d3a5764881c92085aaee66d25075c159aa-refs/branch-heads/5304@{#942}) on port 1179
Only local connections are allowed.
Please see https://chromedriver.chromium.org/security-considerations for suggestions on keeping ChromeDriver safe.
ChromeDriver was started successfully.
[1672665400.402][WARNING]: This version of ChromeDriver has not been tested with Chrome version 108.
जन॰ 02, 2023 6:46:40 PM org.openqa.selenium.remote.ProtocolHandshake createSession
INFO: Detected dialect: W3C
</system-err>
  </testcase>
  <testcase classname="login" name="Successfull login with Valid Credentails" time="88.467"/>
</testsuite>